c:\users\ruben\source\repos\text rpg\text rpg\debug\text rpg.pch
c:\users\ruben\source\repos\text rpg\text rpg\debug\vc141.pdb
c:\users\ruben\source\repos\text rpg\text rpg\debug\vc141.idb
c:\users\ruben\source\repos\text rpg\text rpg\debug\stdafx.obj
c:\users\ruben\source\repos\text rpg\text rpg\debug\game.obj
c:\users\ruben\source\repos\text rpg\text rpg\debug\map.obj
c:\users\ruben\source\repos\text rpg\text rpg\debug\monster.obj
c:\users\ruben\source\repos\text rpg\text rpg\debug\player.obj
c:\users\ruben\source\repos\text rpg\text rpg\debug\random.obj
c:\users\ruben\source\repos\text rpg\text rpg\debug\text rpg.obj
c:\users\ruben\source\repos\text rpg\debug\text rpg.pdb
c:\users\ruben\source\repos\text rpg\text rpg\debug\text rpg.tlog\cl.command.1.tlog
c:\users\ruben\source\repos\text rpg\text rpg\debug\text rpg.tlog\cl.read.1.tlog
c:\users\ruben\source\repos\text rpg\text rpg\debug\text rpg.tlog\cl.write.1.tlog
c:\users\ruben\source\repos\text rpg\text rpg\debug\text rpg.tlog\link-cvtres.read.1.tlog
c:\users\ruben\source\repos\text rpg\text rpg\debug\text rpg.tlog\link-cvtres.write.1.tlog
c:\users\ruben\source\repos\text rpg\text rpg\debug\text rpg.tlog\link-rc.read.1.tlog
c:\users\ruben\source\repos\text rpg\text rpg\debug\text rpg.tlog\link-rc.write.1.tlog
c:\users\ruben\source\repos\text rpg\text rpg\debug\text rpg.tlog\link.command.1.tlog
c:\users\ruben\source\repos\text rpg\text rpg\debug\text rpg.tlog\link.read.1.tlog
c:\users\ruben\source\repos\text rpg\text rpg\debug\text rpg.tlog\link.write.1.tlog
